<?xml version="1.0" encoding="UTF-8"?>
<!-- Generated by org.testng.reporters.JUnitXMLReporter -->
<testsuite ignored="0" hostname="KARTIK-SHARMA" failures="0" tests="5" name="Default test" time="39.934" errors="0" timestamp="2025-04-12T14:43:22 IST">
  <testcase classname="com.tests.e2eTesting" name="testValidLogin" time="6.229"/>
  <testcase classname="com.tests.e2eTesting" name="createNoteBooks" time="7.374"/>
  <testcase classname="com.tests.e2eTesting" name="createAnNotes" time="7.495"/>
  <testcase classname="com.tests.e2eTesting" name="todoMaker" time="5.813"/>
  <testcase classname="com.tests.e2eTesting" name="logoutAccountSuccessfuly" time="9.11"/>
</testsuite> <!-- Default test -->
