<?xml version="1.0" encoding="UTF-8"?>
<testng-results ignored="0" total="5" passed="4" failed="1" skipped="0">
  <reporter-output>
  </reporter-output>
  <suite started-at="2025-04-02T23:07:36 IST" name="Default suite" finished-at="2025-04-02T23:08:00 IST" duration-ms="23832">
    <groups>
    </groups>
    <test started-at="2025-04-02T23:07:36 IST" name="Default test" finished-at="2025-04-02T23:08:00 IST" duration-ms="23832">
      <class name="com.tests.e2eTesting">
        <test-method is-config="true" signature="setup()[pri:0, instance:com.tests.e2eTesting@7ee8290b]" started-at="2025-04-02T23:07:36 IST" name="setup" finished-at="2025-04-02T23:07:39 IST" duration-ms="2960" status="PASS">
          <reporter-output>
          </reporter-output>
        </test-method> <!-- setup -->
        <test-method signature="testValidSignup()[pri:1, instance:com.tests.e2eTesting@7ee8290b]" started-at="2025-04-02T23:07:39 IST" name="testValidSignup" finished-at="2025-04-02T23:07:42 IST" duration-ms="3356" status="PASS">
          <reporter-output>
          </reporter-output>
        </test-method> <!-- testValidSignup -->
        <test-method signature="testValidLogin()[pri:2, instance:com.tests.e2eTesting@7ee8290b]" started-at="2025-04-02T23:07:42 IST" name="testValidLogin" finished-at="2025-04-02T23:07:49 IST" duration-ms="6231" status="PASS">
          <reporter-output>
          </reporter-output>
        </test-method> <!-- testValidLogin -->
        <test-method signature="createAnNotes()[pri:3, instance:com.tests.e2eTesting@7ee8290b]" started-at="2025-04-02T23:07:49 IST" name="createAnNotes" finished-at="2025-04-02T23:07:54 IST" duration-ms="5842" status="PASS">
          <reporter-output>
          </reporter-output>
        </test-method> <!-- createAnNotes -->
        <test-method signature="createNoteBooks()[pri:4, instance:com.tests.e2eTesting@7ee8290b]" started-at="2025-04-02T23:07:54 IST" name="createNoteBooks" finished-at="2025-04-02T23:07:59 IST" duration-ms="4151" status="PASS">
          <reporter-output>
          </reporter-output>
        </test-method> <!-- createNoteBooks -->
        <test-method signature="logoutAccountSuccessfuly()[pri:5, instance:com.tests.e2eTesting@7ee8290b]" started-at="2025-04-02T23:07:59 IST" name="logoutAccountSuccessfuly" finished-at="2025-04-02T23:08:00 IST" duration-ms="1066" status="FAIL">
          <exception class="org.openqa.selenium.ElementClickInterceptedException">
            <message>
              <![CDATA[element click intercepted: Element <svg stroke="currentColor" fill="currentColor" stroke-width="0" viewBox="0 0 496 512" class="text-primary-950 text-4xl" height="1em" width="1em" xmlns="http://www.w3.org/2000/svg">...</svg> is not clickable at point (1478, 34). Other element would receive the click: <div id="4" tabindex="0" data-in="true" class="Toastify__toast Toastify__toast-theme--light Toastify__toast--success" role="alert">...</div>
  (Session info: chrome=122.0.6261.129)
Build info: version: '4.29.0', revision: '5fc1ec94cb'
System info: os.name: 'Windows 11', os.arch: 'amd64', os.version: '10.0', java.version: '23'
Driver info: org.openqa.selenium.chrome.ChromeDriver
Command: [dfae224e5ffd8b32ec651d2da1a08bd2, clickElement {id=f.74E2FBB52A5A068CB555C01B8ACCEE10.d.9D9DEABDEC183DF698FB513EC59D6679.e.80}]
Capabilities {acceptInsecureCerts: false, browserName: chrome, browserVersion: 122.0.6261.129, chrome: {chromedriverVersion: 122.0.6261.128 (f18a44fedeb..., userDataDir: C:\Users\10000\AppData\Loca...}, fedcm:accounts: true, goog:chromeOptions: {debuggerAddress: localhost:64097}, networkConnectionEnabled: false, pageLoadStrategy: normal, platformName: windows, proxy: Proxy(), se:cdp: ws://localhost:64097/devtoo..., se:cdpVersion: 122.0.6261.129, setWindowRect: true, strictFileInteractability: false, timeouts: {implicit: 0, pageLoad: 300000, script: 30000}, unhandledPromptBehavior: dismiss and notify, webauthn:extension:credBlob: true, webauthn:extension:largeBlob: true, webauthn:extension:minPinLength: true, webauthn:extension:prf: true, webauthn:virtualAuthenticators: true}
Element: [[ChromeDriver: chrome on windows (dfae224e5ffd8b32ec651d2da1a08bd2)] -> xpath: //button[@class='flex items-center space-x-2 z-20 relative bg-primary-50 rounded-md p-2']//*[name()='svg']]
Session ID: dfae224e5ffd8b32ec651d2da1a08bd2]]>
            </message>
            <full-stacktrace>
              <![CDATA[org.openqa.selenium.ElementClickInterceptedException: element click intercepted: Element <svg stroke="currentColor" fill="currentColor" stroke-width="0" viewBox="0 0 496 512" class="text-primary-950 text-4xl" height="1em" width="1em" xmlns="http://www.w3.org/2000/svg">...</svg> is not clickable at point (1478, 34). Other element would receive the click: <div id="4" tabindex="0" data-in="true" class="Toastify__toast Toastify__toast-theme--light Toastify__toast--success" role="alert">...</div>
  (Session info: chrome=122.0.6261.129)
Build info: version: '4.29.0', revision: '5fc1ec94cb'
System info: os.name: 'Windows 11', os.arch: 'amd64', os.version: '10.0', java.version: '23'
Driver info: org.openqa.selenium.chrome.ChromeDriver
Command: [dfae224e5ffd8b32ec651d2da1a08bd2, clickElement {id=f.74E2FBB52A5A068CB555C01B8ACCEE10.d.9D9DEABDEC183DF698FB513EC59D6679.e.80}]
Capabilities {acceptInsecureCerts: false, browserName: chrome, browserVersion: 122.0.6261.129, chrome: {chromedriverVersion: 122.0.6261.128 (f18a44fedeb..., userDataDir: C:\Users\10000\AppData\Loca...}, fedcm:accounts: true, goog:chromeOptions: {debuggerAddress: localhost:64097}, networkConnectionEnabled: false, pageLoadStrategy: normal, platformName: windows, proxy: Proxy(), se:cdp: ws://localhost:64097/devtoo..., se:cdpVersion: 122.0.6261.129, setWindowRect: true, strictFileInteractability: false, timeouts: {implicit: 0, pageLoad: 300000, script: 30000}, unhandledPromptBehavior: dismiss and notify, webauthn:extension:credBlob: true, webauthn:extension:largeBlob: true, webauthn:extension:minPinLength: true, webauthn:extension:prf: true, webauthn:virtualAuthenticators: true}
Element: [[ChromeDriver: chrome on windows (dfae224e5ffd8b32ec651d2da1a08bd2)] -> xpath: //button[@class='flex items-center space-x-2 z-20 relative bg-primary-50 rounded-md p-2']//*[name()='svg']]
Session ID: dfae224e5ffd8b32ec651d2da1a08bd2
at java.base/jdk.internal.reflect.DirectConstructorHandleAccessor.newInstance(DirectConstructorHandleAccessor.java:62)
at java.base/java.lang.reflect.Constructor.newInstanceWithCaller(Constructor.java:501)
at java.base/java.lang.reflect.Constructor.newInstance(Constructor.java:485)
at org.openqa.selenium.remote.ErrorCodec.decode(ErrorCodec.java:167)
at org.openqa.selenium.remote.codec.w3c.W3CHttpResponseCodec.decode(W3CHttpResponseCodec.java:138)
at org.openqa.selenium.remote.codec.w3c.W3CHttpResponseCodec.decode(W3CHttpResponseCodec.java:50)
at org.openqa.selenium.remote.HttpCommandExecutor.execute(HttpCommandExecutor.java:215)
at org.openqa.selenium.remote.service.DriverCommandExecutor.invokeExecute(DriverCommandExecutor.java:216)
at org.openqa.selenium.remote.service.DriverCommandExecutor.execute(DriverCommandExecutor.java:174)
at org.openqa.selenium.remote.RemoteWebDriver.execute(RemoteWebDriver.java:545)
at org.openqa.selenium.remote.RemoteWebElement.execute(RemoteWebElement.java:223)
at org.openqa.selenium.remote.RemoteWebElement.click(RemoteWebElement.java:76)
at com.pageObjects.dashboardPage.clickOnProfile(dashboardPage.java:52)
at com.tests.e2eTesting.logoutAccountSuccessfuly(e2eTesting.java:84)
at java.base/jdk.internal.reflect.DirectMethodHandleAccessor.invoke(DirectMethodHandleAccessor.java:103)
at java.base/java.lang.reflect.Method.invoke(Method.java:580)
at org.testng.internal.invokers.MethodInvocationHelper.invokeMethod(MethodInvocationHelper.java:141)
at org.testng.internal.invokers.TestInvoker.invokeMethod(TestInvoker.java:687)
at org.testng.internal.invokers.TestInvoker.invokeTestMethod(TestInvoker.java:230)
at org.testng.internal.invokers.MethodRunner.runInSequence(MethodRunner.java:63)
at org.testng.internal.invokers.TestInvoker$MethodInvocationAgent.invoke(TestInvoker.java:995)
at org.testng.internal.invokers.TestInvoker.invokeTestMethods(TestInvoker.java:203)
at org.testng.internal.invokers.TestMethodWorker.invokeTestMethods(TestMethodWorker.java:154)
at org.testng.internal.invokers.TestMethodWorker.run(TestMethodWorker.java:134)
at java.base/java.util.ArrayList.forEach(ArrayList.java:1597)
at org.testng.TestRunner.privateRun(TestRunner.java:741)
at org.testng.TestRunner.run(TestRunner.java:616)
at org.testng.SuiteRunner.runTest(SuiteRunner.java:421)
at org.testng.SuiteRunner.runSequentially(SuiteRunner.java:413)
at org.testng.SuiteRunner.privateRun(SuiteRunner.java:373)
at org.testng.SuiteRunner.run(SuiteRunner.java:312)
at org.testng.SuiteRunnerWorker.runSuite(SuiteRunnerWorker.java:52)
at org.testng.SuiteRunnerWorker.run(SuiteRunnerWorker.java:95)
at org.testng.TestNG.runSuitesSequentially(TestNG.java:1274)
at org.testng.TestNG.runSuitesLocally(TestNG.java:1208)
at org.testng.TestNG.runSuites(TestNG.java:1112)
at org.testng.TestNG.run(TestNG.java:1079)
at org.testng.remote.AbstractRemoteTestNG.run(AbstractRemoteTestNG.java:115)
at org.testng.remote.RemoteTestNG.initAndRun(RemoteTestNG.java:293)
at org.testng.remote.RemoteTestNG.main(RemoteTestNG.java:91)
]]>
            </full-stacktrace>
          </exception> <!-- org.openqa.selenium.ElementClickInterceptedException -->
          <reporter-output>
          </reporter-output>
        </test-method> <!-- logoutAccountSuccessfuly -->
        <test-method is-config="true" signature="tearDown()[pri:0, instance:com.tests.e2eTesting@7ee8290b]" started-at="2025-04-02T23:08:00 IST" name="tearDown" finished-at="2025-04-02T23:08:00 IST" duration-ms="176" status="PASS">
          <reporter-output>
          </reporter-output>
        </test-method> <!-- tearDown -->
      </class> <!-- com.tests.e2eTesting -->
    </test> <!-- Default test -->
  </suite> <!-- Default suite -->
</testng-results>
