<?xml version="1.0" encoding="UTF-8"?>
<testng-results ignored="0" total="5" passed="5" failed="0" skipped="0">
  <reporter-output>
  </reporter-output>
  <suite started-at="2025-04-12T14:42:42 IST" name="Default suite" finished-at="2025-04-12T14:43:22 IST" duration-ms="39934">
    <groups>
    </groups>
    <test started-at="2025-04-12T14:42:42 IST" name="Default test" finished-at="2025-04-12T14:43:22 IST" duration-ms="39934">
      <class name="com.tests.e2eTesting">
        <test-method is-config="true" signature="setup()[pri:0, instance:com.tests.e2eTesting@192c3f1e]" started-at="2025-04-12T14:42:42 IST" name="setup" finished-at="2025-04-12T14:42:46 IST" duration-ms="3681" status="PASS">
          <reporter-output>
          </reporter-output>
        </test-method> <!-- setup -->
        <test-method signature="testValidLogin()[pri:2, instance:com.tests.e2eTesting@192c3f1e]" started-at="2025-04-12T14:42:46 IST" name="testValidLogin" finished-at="2025-04-12T14:42:52 IST" duration-ms="6229" status="PASS">
          <reporter-output>
          </reporter-output>
        </test-method> <!-- testValidLogin -->
        <test-method signature="createNoteBooks()[pri:3, instance:com.tests.e2eTesting@192c3f1e]" started-at="2025-04-12T14:42:52 IST" name="createNoteBooks" finished-at="2025-04-12T14:43:00 IST" depends-on-methods="com.tests.e2eTesting.testValidLogin" duration-ms="7374" status="PASS">
          <reporter-output>
          </reporter-output>
        </test-method> <!-- createNoteBooks -->
        <test-method signature="createAnNotes()[pri:4, instance:com.tests.e2eTesting@192c3f1e]" started-at="2025-04-12T14:43:00 IST" name="createAnNotes" finished-at="2025-04-12T14:43:07 IST" depends-on-methods="com.tests.e2eTesting.createNoteBooks" duration-ms="7495" status="PASS">
          <reporter-output>
          </reporter-output>
        </test-method> <!-- createAnNotes -->
        <test-method signature="todoMaker()[pri:5, instance:com.tests.e2eTesting@192c3f1e]" started-at="2025-04-12T14:43:07 IST" name="todoMaker" finished-at="2025-04-12T14:43:13 IST" depends-on-methods="com.tests.e2eTesting.createAnNotes" duration-ms="5813" status="PASS">
          <reporter-output>
          </reporter-output>
        </test-method> <!-- todoMaker -->
        <test-method signature="logoutAccountSuccessfuly()[pri:6, instance:com.tests.e2eTesting@192c3f1e]" started-at="2025-04-12T14:43:13 IST" name="logoutAccountSuccessfuly" finished-at="2025-04-12T14:43:22 IST" depends-on-methods="com.tests.e2eTesting.todoMaker" duration-ms="9110" status="PASS">
          <reporter-output>
          </reporter-output>
        </test-method> <!-- logoutAccountSuccessfuly -->
        <test-method is-config="true" signature="tearDown()[pri:0, instance:com.tests.e2eTesting@192c3f1e]" started-at="2025-04-12T14:43:22 IST" name="tearDown" finished-at="2025-04-12T14:43:22 IST" duration-ms="192" status="PASS">
          <reporter-output>
          </reporter-output>
        </test-method> <!-- tearDown -->
      </class> <!-- com.tests.e2eTesting -->
    </test> <!-- Default test -->
  </suite> <!-- Default suite -->
</testng-results>
